0 info it worked if it ends with ok
1 verbose cli [ 'C:\\Program Files\\nodejs\\node.exe',
1 verbose cli   'C:\\Program Files\\nodejs\\node_modules\\npm\\bin\\npm-cli.js',
1 verbose cli   'run',
1 verbose cli   'dev' ]
2 info using npm@4.1.2
3 info using node@v7.6.0
4 verbose run-script [ 'predev', 'dev', 'postdev' ]
5 info lifecycle rnd@0.0.1~predev: rnd@0.0.1
6 silly lifecycle rnd@0.0.1~predev: no script for predev, continuing
7 info lifecycle rnd@0.0.1~dev: rnd@0.0.1
8 verbose lifecycle rnd@0.0.1~dev: unsafe-perm in lifecycle true
9 verbose lifecycle rnd@0.0.1~dev: PATH: C:\Program Files\nodejs\node_modules\npm\bin\node-gyp-bin;C:\Users\PHANMINHTOÀN\Desktop\Tutorial\node_modules\.bin;C:\ProgramData\Oracle\Java\javapath;C:\WINDOWS\system32;C:\WINDOWS;C:\WINDOWS\System32\Wbem;C:\WINDOWS\System32\WindowsPowerShell\v1.0\;C:\Program Files\nodejs\;C:\Program Files\Git\cmd;C:\HashiCorp\Vagrant\bin;C:\Program Files (x86)\Brackets\command;C:\Program Files (x86)\Windows Kits\8.1\Windows Performance Toolkit\;C:\Program Files\Microsoft SQL Server\110\Tools\Binn\;c:\Program Files (x86)\Microsoft SQL Server\110\Tools\Binn\;c:\Program Files\Microsoft SQL Server\110\DTS\Binn\;C:\Program Files (x86)\Microsoft SQL Server\110\Tools\Binn\ManagementStudio\;C:\Program Files (x86)\Microsoft Visual Studio 10.0\Common7\IDE\PrivateAssemblies\;C:\Program Files (x86)\Microsoft SQL Server\110\DTS\Binn\;C:\Users\PHANMINHTOÀN\AppData\Local\Microsoft\WindowsApps;C:\Users\PHANMINHTOÀN\AppData\Roaming\npm;C:\Program Files (x86)\Microsoft VS Code\bin;
10 verbose lifecycle rnd@0.0.1~dev: CWD: C:\Users\PHANMINHTOÀN\Desktop\Tutorial
11 silly lifecycle rnd@0.0.1~dev: Args: [ '/d /s /c',
11 silly lifecycle   'cross-env NODE_ENV=development node_modules/.bin/webpack-dev-server -d --devtool source-map --port 8080 --host 0.0.0.0' ]
12 verbose stack Error: kill ENOSYS
12 verbose stack     at exports._errnoException (util.js:1028:11)
12 verbose stack     at process.kill (internal/process.js:173:13)
12 verbose stack     at process.listener (C:\Program Files\nodejs\node_modules\npm\node_modules\npmlog\node_modules\gauge\node_modules\signal-exit\index.js:95:15)
12 verbose stack     at emitNone (events.js:86:13)
12 verbose stack     at process.emit (events.js:186:7)
12 verbose stack     at processEmit (C:\Program Files\nodejs\node_modules\npm\node_modules\npmlog\node_modules\gauge\node_modules\signal-exit\index.js:155:32)
12 verbose stack     at Signal.wrap.onsignal (internal/process.js:200:44)
13 verbose cwd C:\Users\PHANMINHTOÀN\Desktop\Tutorial
14 error Windows_NT 10.0.15063
15 error argv "C:\\Program Files\\nodejs\\node.exe" "C:\\Program Files\\nodejs\\node_modules\\npm\\bin\\npm-cli.js" "run" "dev"
16 error node v7.6.0
17 error npm  v4.1.2
18 error code ENOSYS
19 error errno ENOSYS
20 error syscall kill
21 error kill ENOSYS
22 error If you need help, you may report this error at:
22 error     <https://github.com/npm/npm/issues>
23 verbose exit [ 1, true ]
